# JRE version: Java(TM) SE Runtime Environment (8.0_101-b13) (build 1.8.0_101-b13)
# Java VM: Java HotSpot(TM) 64-Bit Server VM (25.101-b13 mixed mode windows-amd64 compressed oops)
Heap:
 PSYoungGen      total 238592K, used 107432K [0x00000000d5c00000, 0x00000000e5c80000, 0x0000000100000000)
  eden space 223232K, 48% used [0x00000000d5c00000,0x00000000dc4ea3d0,0x00000000e3600000)
  from space 15360K, 0% used [0x00000000e3600000,0x00000000e3600000,0x00000000e4500000)
  to   space 11776K, 0% used [0x00000000e4500000,0x00000000e4500000,0x00000000e5080000)
 ParOldGen       total 75776K, used 23548K [0x0000000081400000, 0x0000000085e00000, 0x00000000d5c00000)
  object space 75776K, 31% used [0x0000000081400000,0x0000000082aff110,0x0000000085e00000)
 Metaspace       used 35093K, capacity 36923K, committed 36992K, reserved 1089536K
  class space    used 4852K, capacity 5218K, committed 5248K, reserved 1048576K
GC Heap History (10 events):
Event: 4.404 GC heap before
{Heap before GC invocations=7 (full 1):
 PSYoungGen      total 71680K, used 66560K [0x00000000d5c00000, 0x00000000df000000, 0x0000000100000000)
  eden space 66560K, 100% used [0x00000000d5c00000,0x00000000d9d00000,0x00000000d9d00000)
  from space 5120K, 0% used [0x00000000d9d00000,0x00000000d9d00000,0x00000000da200000)
  to   space 9216K, 0% used [0x00000000de700000,0x00000000de700000,0x00000000df000000)
 ParOldGen       total 47616K, used 5986K [0x0000000081400000, 0x0000000084280000, 0x00000000d5c00000)
  object space 47616K, 12% used [0x0000000081400000,0x00000000819d8a60,0x0000000084280000)
 Metaspace       used 23934K, capacity 24876K, committed 24960K, reserved 1071104K
  class space    used 3213K, capacity 3428K, committed 3456K, reserved 1048576K
Event: 4.408 GC heap after
Heap after GC invocations=7 (full 1):
 PSYoungGen      total 128512K, used 4589K [0x00000000d5c00000, 0x00000000deb80000, 0x0000000100000000)
  eden space 123904K, 0% used [0x00000000d5c00000,0x00000000d5c00000,0x00000000dd500000)
  from space 4608K, 99% used [0x00000000de700000,0x00000000deb7b6d0,0x00000000deb80000)
  to   space 9216K, 0% used [0x00000000dd980000,0x00000000dd980000,0x00000000de280000)
 ParOldGen       total 47616K, used 5994K [0x0000000081400000, 0x0000000084280000, 0x00000000d5c00000)
  object space 47616K, 12% used [0x0000000081400000,0x00000000819daa60,0x0000000084280000)
 Metaspace       used 23934K, capacity 24876K, committed 24960K, reserved 1071104K
  class space    used 3213K, capacity 3428K, committed 3456K, reserved 1048576K
}
Event: 5.093 GC heap before
{Heap before GC invocations=8 (full 1):
 PSYoungGen      total 128512K, used 128493K [0x00000000d5c00000, 0x00000000deb80000, 0x0000000100000000)
  eden space 123904K, 100% used [0x00000000d5c00000,0x00000000dd500000,0x00000000dd500000)
  from space 4608K, 99% used [0x00000000de700000,0x00000000deb7b6d0,0x00000000deb80000)
  to   space 9216K, 0% used [0x00000000dd980000,0x00000000dd980000,0x00000000de280000)
 ParOldGen       total 47616K, used 5994K [0x0000000081400000, 0x0000000084280000, 0x00000000d5c00000)
  object space 47616K, 12% used [0x0000000081400000,0x00000000819daa60,0x0000000084280000)
 Metaspace       used 27582K, capacity 28582K, committed 28928K, reserved 1075200K
  class space    used 3765K, capacity 3983K, committed 4096K, reserved 1048576K
Event: 5.102 GC heap after
Heap after GC invocations=8 (full 1):
 PSYoungGen      total 137728K, used 9186K [0x00000000d5c00000, 0x00000000e5080000, 0x0000000100000000)
  eden space 128512K, 0% used [0x00000000d5c00000,0x00000000d5c00000,0x00000000dd980000)
  from space 9216K, 99% used [0x00000000dd980000,0x00000000de2789c8,0x00000000de280000)
  to   space 11776K, 0% used [0x00000000e4500000,0x00000000e4500000,0x00000000e5080000)
 ParOldGen       total 47616K, used 8154K [0x0000000081400000, 0x0000000084280000, 0x00000000d5c00000)
  object space 47616K, 17% used [0x0000000081400000,0x0000000081bf6aa8,0x0000000084280000)
 Metaspace       used 27582K, capacity 28582K, committed 28928K, reserved 1075200K
  class space    used 3765K, capacity 3983K, committed 4096K, reserved 1048576K
}
Event: 5.952 GC heap before
{Heap before GC invocations=9 (full 1):
 PSYoungGen      total 137728K, used 137698K [0x00000000d5c00000, 0x00000000e5080000, 0x0000000100000000)
  eden space 128512K, 100% used [0x00000000d5c00000,0x00000000dd980000,0x00000000dd980000)
  from space 9216K, 99% used [0x00000000dd980000,0x00000000de2789c8,0x00000000de280000)
  to   space 11776K, 0% used [0x00000000e4500000,0x00000000e4500000,0x00000000e5080000)
 ParOldGen       total 47616K, used 8154K [0x0000000081400000, 0x0000000084280000, 0x00000000d5c00000)
  object space 47616K, 17% used [0x0000000081400000,0x0000000081bf6aa8,0x0000000084280000)
 Metaspace       used 31939K, capacity 33374K, committed 33536K, reserved 1079296K
  class space    used 4330K, capacity 4601K, committed 4608K, reserved 1048576K
Event: 5.965 GC heap after
Heap after GC invocations=9 (full 1):
 PSYoungGen      total 235008K, used 11757K [0x00000000d5c00000, 0x00000000e5c80000, 0x0000000100000000)
  eden space 223232K, 0% used [0x00000000d5c00000,0x00000000d5c00000,0x00000000e3600000)
  from space 11776K, 99% used [0x00000000e4500000,0x00000000e507b5d0,0x00000000e5080000)
  to   space 15360K, 0% used [0x00000000e3600000,0x00000000e3600000,0x00000000e4500000)
 ParOldGen       total 47616K, used 12723K [0x0000000081400000, 0x0000000084280000, 0x00000000d5c00000)
  object space 47616K, 26% used [0x0000000081400000,0x000000008206cd20,0x0000000084280000)
 Metaspace       used 31939K, capacity 33374K, committed 33536K, reserved 1079296K
  class space    used 4330K, capacity 4601K, committed 4608K, reserved 1048576K
}
Event: 8.731 GC heap before
{Heap before GC invocations=10 (full 1):
 PSYoungGen      total 235008K, used 122774K [0x00000000d5c00000, 0x00000000e5c80000, 0x0000000100000000)
  eden space 223232K, 49% used [0x00000000d5c00000,0x00000000dc86a4d0,0x00000000e3600000)
  from space 11776K, 99% used [0x00000000e4500000,0x00000000e507b5d0,0x00000000e5080000)
  to   space 15360K, 0% used [0x00000000e3600000,0x00000000e3600000,0x00000000e4500000)
 ParOldGen       total 47616K, used 12723K [0x0000000081400000, 0x0000000084280000, 0x00000000d5c00000)
  object space 47616K, 26% used [0x0000000081400000,0x000000008206cd20,0x0000000084280000)
 Metaspace       used 33702K, capacity 35358K, committed 35456K, reserved 1079296K
  class space    used 4631K, capacity 4953K, committed 4992K, reserved 1048576K
Event: 8.742 GC heap after
Heap after GC invocations=10 (full 1):
 PSYoungGen      total 238592K, used 14334K [0x00000000d5c00000, 0x00000000e5c80000, 0x0000000100000000)
  eden space 223232K, 0% used [0x00000000d5c00000,0x00000000d5c00000,0x00000000e3600000)
  from space 15360K, 93% used [0x00000000e3600000,0x00000000e43ffb10,0x00000000e4500000)
  to   space 11776K, 0% used [0x00000000e4500000,0x00000000e4500000,0x00000000e5080000)
 ParOldGen       total 47616K, used 14288K [0x0000000081400000, 0x0000000084280000, 0x00000000d5c00000)
  object space 47616K, 30% used [0x0000000081400000,0x00000000821f4078,0x0000000084280000)
 Metaspace       used 33702K, capacity 35358K, committed 35456K, reserved 1079296K
  class space    used 4631K, capacity 4953K, committed 4992K, reserved 1048576K
}
Event: 8.743 GC heap before
{Heap before GC invocations=11 (full 2):
 PSYoungGen      total 238592K, used 14334K [0x00000000d5c00000, 0x00000000e5c80000, 0x0000000100000000)
  eden space 223232K, 0% used [0x00000000d5c00000,0x00000000d5c00000,0x00000000e3600000)
  from space 15360K, 93% used [0x00000000e3600000,0x00000000e43ffb10,0x00000000e4500000)
  to   space 11776K, 0% used [0x00000000e4500000,0x00000000e4500000,0x00000000e5080000)
 ParOldGen       total 47616K, used 14288K [0x0000000081400000, 0x0000000084280000, 0x00000000d5c00000)
  object space 47616K, 30% used [0x0000000081400000,0x00000000821f4078,0x0000000084280000)
 Metaspace       used 33702K, capacity 35358K, committed 35456K, reserved 1079296K
  class space    used 4631K, capacity 4953K, committed 4992K, reserved 1048576K
Event: 8.799 GC heap after
Heap after GC invocations=11 (full 2):
 PSYoungGen      total 238592K, used 0K [0x00000000d5c00000, 0x00000000e5c80000, 0x0000000100000000)
  eden space 223232K, 0% used [0x00000000d5c00000,0x00000000d5c00000,0x00000000e3600000)
  from space 15360K, 0% used [0x00000000e3600000,0x00000000e3600000,0x00000000e4500000)
  to   space 11776K, 0% used [0x00000000e4500000,0x00000000e4500000,0x00000000e5080000)
 ParOldGen       total 75776K, used 23548K [0x0000000081400000, 0x0000000085e00000, 0x00000000d5c00000)
  object space 75776K, 31% used [0x0000000081400000,0x0000000082aff110,0x0000000085e00000)
 Metaspace       used 33702K, capacity 35358K, committed 35456K, reserved 1079296K
  class space    used 4631K, capacity 4953K, committed 4992K, reserved 1048576K
}

